{"C:\\Users\\joeda\\Desktop\\faculdade\\6 semestre\\topicos em computação\\prova1\\lib\\GerenciaFatura.js": {"path":"C:\\Users\\joeda\\Desktop\\faculdade\\6 semestre\\topicos em computação\\prova1\\lib\\GerenciaFatura.js","statementMap":{"0":{"start":{"line":4,"column":7},"end":{"line":4,"column":19}},"1":{"start":{"line":10,"column":0},"end":{"line":10,"column":32}}},"fnMap":{"0":{"name":"(anonymous_0)","decl":{"start":{"line":3,"column":3},"end":{"line":3,"column":4}},"loc":{"start":{"line":3,"column":17},"end":{"line":5,"column":4}},"line":3}},"branchMap":{},"s":{"0":1,"1":1},"f":{"0":1},"b":{},"_coverageSchema":"1a1c01bbd47fc00a2c39e90264f33305004495a9","hash":"3a6374eab6a63a707b2e86fac69f5c01c3c6051a"}
}
